<?xml version="1.0" encoding="UTF-8"?>
<!-- Generated by org.testng.reporters.JUnitXMLReporter -->
<testsuite hostname="Dush" ignored="0" name="loginValidation" tests="1" failures="1" timestamp="2022-10-26T20:31:11 IST" time="38.88" errors="0">
  <testcase name="loginTest" time="19.279" classname="com.myStore.testCases.LoginPageTest">
    <failure type="java.lang.AssertionError" message="expected:&amp;lt;http://automationpractice.com/index.php?controller=authentication&amp;gt; but was:&amp;lt;http://automationpractice.com/index.php?controller=my-account&amp;gt;">
      <![CDATA[java.lang.AssertionError: expected:<http://automationpractice.com/index.php?controller=authentication> but was:<http://automationpractice.com/index.php?controller=my-account>
at com.myStore.testCases.LoginPageTest.loginTest(LoginPageTest.java:46)
at java.util.ArrayList.forEach(ArrayList.java:1249)
... Removed 30 stack frames]]>
    </failure>
  </testcase> <!-- loginTest -->
</testsuite> <!-- loginValidation -->
